<?xml version="1.0" encoding="UTF-8"?>
<!-- Generated by org.testng.reporters.JUnitReportReporter -->
<testsuite hostname="LAPTOP-9H1UAGN3" failures="0" tests="1" name="com_ActiTime_Test.ValidLOginLogout" time="57.884" errors="0" timestamp="2021-01-18T21:37:35 IST" skipped="0">
  <testcase classname="com_ActiTime_Test.ValidLOginLogout" name="validLoginLogout" time="57.884"/>
  <system-out>
title is matching and matching title is=actiTIME - Login element is present and present element is.....actiTIME 2020 Online  </system-out>
</testsuite> <!-- com_ActiTime_Test.ValidLOginLogout -->
